2020-08-20 20:18:53,178 [ 1] INFO  Unity: LoadingManager start
2020-08-20 20:18:56,254 [ 1] INFO  Unity: DataManager > DataManager()
2020-08-20 20:19:03,582 [ 1] INFO  Unity: UserLoginRequest::user :user001 psw:111
2020-08-20 20:19:03,584 [ 1] INFO  Unity: ConnectToServer() Start 
2020-08-20 20:19:03,589 [ 1] INFO  Unity: DoConnect
2020-08-20 20:19:03,591 [ 1] INFO  Unity: NetClient.DoConnect on 127.0.0.1:8000
2020-08-20 20:19:03,594 [ 1] INFO  Unity: Connect[0] to server 127.0.0.1:8000

2020-08-20 20:19:03,598 [ 1] INFO  Unity: LoadingMesager::OnGameServerConnect :0 reason:Success
2020-08-20 20:19:06,045 [ 1] INFO  Unity: OnLogin:Success [None]
2020-08-20 20:19:06,046 [ 1] INFO  Unity: LoadLevel: CharSelect
2020-08-20 20:19:06,285 [ 1] INFO  Unity: LevelLoadCompleted:1
2020-08-20 20:19:07,314 [ 1] INFO  Unity: Select Char:[1]Liaojunc[Warrior]
2020-08-20 20:19:08,569 [ 1] INFO  Unity: UserGameEnterRequest::characterId :0
2020-08-20 20:19:09,458 [ 1] INFO  Unity: UserGameEnterRequest::characterId :0
2020-08-20 20:19:09,930 [ 1] INFO  Unity: UserGameEnterRequest::characterId :0
2020-08-20 20:19:10,191 [ 1] INFO  Unity: UserGameEnterRequest::characterId :0
2020-08-20 20:19:10,436 [ 1] INFO  Unity: UserGameEnterRequest::characterId :0
2020-08-20 20:19:10,679 [ 1] INFO  Unity: UserGameEnterRequest::characterId :0
2020-08-20 20:19:10,924 [ 1] INFO  Unity: UserGameEnterRequest::characterId :0
2020-08-20 20:19:11,186 [ 1] INFO  Unity: UserGameEnterRequest::characterId :0
2020-08-20 20:19:53,210 [ 1] INFO  Unity: ProcessReceive exception:System.Net.Sockets.SocketException: 远程主机强迫关闭了一个现有的连接。

  at System.Net.Sockets.Socket.Receive (System.Byte[] buffer, Int32 offset, Int32 size, SocketFlags flags) [0x00000] in <filename unknown>:0 
  at Network.NetClient.ProcessRecv () [0x00084] in D:\2\s8\SecondGame\Src\Client\Assets\Scripts\Network\NetClient.cs:341 

2020-08-20 20:19:53,211 [ 1] WARN  Unity: CloseConnection(), errorCode: 1001
UnityEngine.Debug:LogWarning(Object)
Network.NetClient:CloseConnection(Int32) (at Assets/Scripts/Network/NetClient.cs:181)
Network.NetClient:ProcessRecv() (at Assets/Scripts/Network/NetClient.cs:355)
Network.NetClient:Update() (at Assets/Scripts/Network/NetClient.cs:435)

2020-08-20 20:19:53,226 [ 1] INFO  Unity: DoConnect
2020-08-20 20:19:53,227 [ 1] INFO  Unity: NetClient.DoConnect on 127.0.0.1:8000
2020-08-20 20:19:53,229 [ 1] INFO  Unity: Connect[0] to server 127.0.0.1:8000

2020-08-20 20:19:55,233 [ 1] WARN  Unity: CloseConnection(), errorCode: 1005
UnityEngine.Debug:LogWarning(Object)
Network.NetClient:CloseConnection(Int32) (at Assets/Scripts/Network/NetClient.cs:181)
Network.NetClient:DoConnect() (at Assets/Scripts/Network/NetClient.cs:275)
Network.NetClient:Connect(Int32) (at Assets/Scripts/Network/NetClient.cs:170)
Network.NetClient:KeepConnect() (at Assets/Scripts/Network/NetClient.cs:316)
Network.NetClient:Update() (at Assets/Scripts/Network/NetClient.cs:433)

2020-08-20 20:19:55,234 [ 1] ERROR Unity: DoConnect SocketException:[10061,ConnectionRefused,10061]System.Net.Sockets.SocketException: 由于目标计算机积极拒绝，无法连接。

  at System.Net.Sockets.Socket.Connect (System.Net.EndPoint remoteEP, Boolean requireSocketPolicy) [0x00000] in <filename unknown>:0 
  at System.Net.Sockets.Socket+Worker.Connect () [0x00000] in <filename unknown>:0  
UnityEngine.Debug:LogErrorFormat(String, Object[])
Network.NetClient:DoConnect() (at Assets/Scripts/Network/NetClient.cs:277)
Network.NetClient:Connect(Int32) (at Assets/Scripts/Network/NetClient.cs:170)
Network.NetClient:KeepConnect() (at Assets/Scripts/Network/NetClient.cs:316)
Network.NetClient:Update() (at Assets/Scripts/Network/NetClient.cs:433)

2020-08-20 20:19:55,244 [ 1] INFO  Unity: DoConnect
2020-08-20 20:19:55,245 [ 1] INFO  Unity: NetClient.DoConnect on 127.0.0.1:8000
2020-08-20 20:19:55,246 [ 1] INFO  Unity: Connect[1] to server 127.0.0.1:8000

2020-08-20 20:19:57,249 [ 1] WARN  Unity: CloseConnection(), errorCode: 1005
UnityEngine.Debug:LogWarning(Object)
Network.NetClient:CloseConnection(Int32) (at Assets/Scripts/Network/NetClient.cs:181)
Network.NetClient:DoConnect() (at Assets/Scripts/Network/NetClient.cs:275)
Network.NetClient:Connect(Int32) (at Assets/Scripts/Network/NetClient.cs:170)
Network.NetClient:KeepConnect() (at Assets/Scripts/Network/NetClient.cs:316)
Network.NetClient:Update() (at Assets/Scripts/Network/NetClient.cs:433)

2020-08-20 20:19:57,249 [ 1] ERROR Unity: DoConnect SocketException:[10061,ConnectionRefused,10061]System.Net.Sockets.SocketException: 由于目标计算机积极拒绝，无法连接。

  at System.Net.Sockets.Socket.Connect (System.Net.EndPoint remoteEP, Boolean requireSocketPolicy) [0x00000] in <filename unknown>:0 
  at System.Net.Sockets.Socket+Worker.Connect () [0x00000] in <filename unknown>:0  
UnityEngine.Debug:LogErrorFormat(String, Object[])
Network.NetClient:DoConnect() (at Assets/Scripts/Network/NetClient.cs:277)
Network.NetClient:Connect(Int32) (at Assets/Scripts/Network/NetClient.cs:170)
Network.NetClient:KeepConnect() (at Assets/Scripts/Network/NetClient.cs:316)
Network.NetClient:Update() (at Assets/Scripts/Network/NetClient.cs:433)

2020-08-20 20:19:57,294 [ 1] INFO  Unity: DoConnect
2020-08-20 20:19:57,294 [ 1] INFO  Unity: NetClient.DoConnect on 127.0.0.1:8000
2020-08-20 20:19:57,295 [ 1] INFO  Unity: Connect[2] to server 127.0.0.1:8000

2020-08-20 20:19:59,299 [ 1] WARN  Unity: CloseConnection(), errorCode: 1005
UnityEngine.Debug:LogWarning(Object)
Network.NetClient:CloseConnection(Int32) (at Assets/Scripts/Network/NetClient.cs:181)
Network.NetClient:DoConnect() (at Assets/Scripts/Network/NetClient.cs:275)
Network.NetClient:Connect(Int32) (at Assets/Scripts/Network/NetClient.cs:170)
Network.NetClient:KeepConnect() (at Assets/Scripts/Network/NetClient.cs:316)
Network.NetClient:Update() (at Assets/Scripts/Network/NetClient.cs:433)

2020-08-20 20:19:59,300 [ 1] ERROR Unity: DoConnect SocketException:[10061,ConnectionRefused,10061]System.Net.Sockets.SocketException: 由于目标计算机积极拒绝，无法连接。

  at System.Net.Sockets.Socket.Connect (System.Net.EndPoint remoteEP, Boolean requireSocketPolicy) [0x00000] in <filename unknown>:0 
  at System.Net.Sockets.Socket+Worker.Connect () [0x00000] in <filename unknown>:0  
UnityEngine.Debug:LogErrorFormat(String, Object[])
Network.NetClient:DoConnect() (at Assets/Scripts/Network/NetClient.cs:277)
Network.NetClient:Connect(Int32) (at Assets/Scripts/Network/NetClient.cs:170)
Network.NetClient:KeepConnect() (at Assets/Scripts/Network/NetClient.cs:316)
Network.NetClient:Update() (at Assets/Scripts/Network/NetClient.cs:433)

2020-08-20 20:19:59,300 [ 1] INFO  Unity: LoadingMesager::OnGameServerConnect :1 reason:Cannot connect to server
2020-08-20 20:22:14,897 [ 1] INFO  Unity: OnDestroy NetworkManager.
2020-08-20 20:22:14,898 [ 1] WARN  Unity: CloseConnection(), errorCode: 1007
UnityEngine.Debug:LogWarning(Object)
Network.NetClient:CloseConnection(Int32) (at Assets/Scripts/Network/NetClient.cs:181)
Network.NetClient:OnDestroy() (at Assets/Scripts/Network/NetClient.cs:176)

